<?xml version="1.0" encoding="UTF-8"?>
<!-- Generated by org.testng.reporters.JUnitReportReporter -->
<testsuite hostname="DESKTOP-TAI0CQU" failures="0" tests="7" name="almosafer.mytestcases" time="34.478" errors="0" timestamp="2023-12-19T17:28:55 EET" skipped="0">
  <testcase classname="almosafer.mytestcases" name="CheckTheLanguage" time="0.070"/>
  <system-out/>
  <testcase classname="almosafer.mytestcases" name="CheckTheCurrency" time="0.041"/>
  <system-out/>
  <testcase classname="almosafer.mytestcases" name="CheckQitaffLogo" time="0.086"/>
  <system-out/>
  <testcase classname="almosafer.mytestcases" name="CheckContactNumber" time="0.082"/>
  <system-out/>
  <testcase classname="almosafer.mytestcases" name="HotelTabIsNotSelected" time="2.074"/>
  <system-out/>
  <testcase classname="almosafer.mytestcases" name="CheckTheDate" time="0.261"/>
  <system-out/>
  <testcase classname="almosafer.mytestcases" name="CheckTheLang" time="31.864"/>
  <system-out/>
</testsuite> <!-- almosafer.mytestcases -->
